Compiling the CXX compiler identification source file "CMakeCXXCompilerId.cpp" failed.
Compiler: /opt/intel/oneapi/compiler/2022.0.2/linux/bin/icpx 
Build flags: 
Id flags:  

The output was:
No such file or directory


Compiling the CXX compiler identification source file "CMakeCXXCompilerId.cpp" failed.
Compiler: /opt/intel/oneapi/compiler/2022.0.2/linux/bin/icpx 
Build flags: 
Id flags: -c 

The output was:
No such file or directory


Compiling the CXX compiler identification source file "CMakeCXXCompilerId.cpp" failed.
Compiler: /opt/intel/oneapi/compiler/2022.0.2/linux/bin/icpx 
Build flags: 
Id flags: --c++ 

The output was:
No such file or directory


Compiling the CXX compiler identification source file "CMakeCXXCompilerId.cpp" failed.
Compiler: /opt/intel/oneapi/compiler/2022.0.2/linux/bin/icpx 
Build flags: 
Id flags: --ec++ 

The output was:
No such file or directory


Compiling the CXX compiler identification source file "CMakeCXXCompilerId.cpp" failed.
Compiler: /opt/intel/oneapi/compiler/2022.0.2/linux/bin/icpx 
Build flags: 
Id flags: --target=arm-arm-none-eabi;-mcpu=cortex-m3 

The output was:
No such file or directory


Compiling the CXX compiler identification source file "CMakeCXXCompilerId.cpp" failed.
Compiler: /opt/intel/oneapi/compiler/2022.0.2/linux/bin/icpx 
Build flags: 
Id flags:  

The output was:
No such file or directory


Compiling the CXX compiler identification source file "CMakeCXXCompilerId.cpp" failed.
Compiler: /opt/intel/oneapi/compiler/2022.0.2/linux/bin/icpx 
Build flags: 
Id flags: -c 

The output was:
No such file or directory


Compiling the CXX compiler identification source file "CMakeCXXCompilerId.cpp" failed.
Compiler: /opt/intel/oneapi/compiler/2022.0.2/linux/bin/icpx 
Build flags: 
Id flags: --c++ 

The output was:
No such file or directory


Compiling the CXX compiler identification source file "CMakeCXXCompilerId.cpp" failed.
Compiler: /opt/intel/oneapi/compiler/2022.0.2/linux/bin/icpx 
Build flags: 
Id flags: --ec++ 

The output was:
No such file or directory


Compiling the CXX compiler identification source file "CMakeCXXCompilerId.cpp" failed.
Compiler: /opt/intel/oneapi/compiler/2022.0.2/linux/bin/icpx 
Build flags: 
Id flags: --target=arm-arm-none-eabi;-mcpu=cortex-m3 

The output was:
No such file or directory


Checking whether the CXX compiler is IAR using "" did not match "IAR .+ Compiler":
Checking whether the CXX compiler is IAR using "" did not match "IAR .+ Compiler":
Performing C++ SOURCE FILE Test CMAKE_HAVE_LIBC_PTHREAD failed with the following output:
Change Dir: /home/dimitrije/bbts/CMakeFiles/CMakeTmp

Run Build Command(s):/usr/bin/gmake -f Makefile cmTC_b59d0/fast && /usr/bin/gmake  -f CMakeFiles/cmTC_b59d0.dir/build.make CMakeFiles/cmTC_b59d0.dir/build
gmake[1]: Entering directory '/home/dimitrije/bbts/CMakeFiles/CMakeTmp'
Building CXX object CMakeFiles/cmTC_b59d0.dir/src.cxx.o
/opt/intel/oneapi/compiler/latest/linux/bin/icpx -DCMAKE_HAVE_LIBC_PTHREAD  -std=gnu++20 -MD -MT CMakeFiles/cmTC_b59d0.dir/src.cxx.o -MF CMakeFiles/cmTC_b59d0.dir/src.cxx.o.d -o CMakeFiles/cmTC_b59d0.dir/src.cxx.o -c /home/dimitrije/bbts/CMakeFiles/CMakeTmp/src.cxx
Linking CXX executable cmTC_b59d0
/usr/bin/cmake -E cmake_link_script CMakeFiles/cmTC_b59d0.dir/link.txt --verbose=1
/opt/intel/oneapi/compiler/latest/linux/bin/icpx CMakeFiles/cmTC_b59d0.dir/src.cxx.o -o cmTC_b59d0 
CMakeFiles/cmTC_b59d0.dir/src.cxx.o: In function `main':
src.cxx:(.text+0x25): undefined reference to `pthread_create'
src.cxx:(.text+0x2f): undefined reference to `pthread_detach'
src.cxx:(.text+0x39): undefined reference to `pthread_cancel'
src.cxx:(.text+0x45): undefined reference to `pthread_join'
clang++: error: linker command failed with exit code 1 (use -v to see invocation)
gmake[1]: *** [CMakeFiles/cmTC_b59d0.dir/build.make:100: cmTC_b59d0] Error 1
gmake[1]: Leaving directory '/home/dimitrije/bbts/CMakeFiles/CMakeTmp'
gmake: *** [Makefile:127: cmTC_b59d0/fast] Error 2


Source file was:
#include <pthread.h>

static void* test_func(void* data)
{
  return data;
}

int main(void)
{
  pthread_t thread;
  pthread_create(&thread, NULL, test_func, NULL);
  pthread_detach(thread);
  pthread_cancel(thread);
  pthread_join(thread, NULL);
  pthread_atfork(NULL, NULL, NULL);
  pthread_exit(NULL);

  return 0;
}

Determining if the function pthread_create exists in the pthreads failed with the following output:
Change Dir: /home/dimitrije/bbts/CMakeFiles/CMakeTmp

Run Build Command(s):/usr/bin/gmake -f Makefile cmTC_2cc71/fast && /usr/bin/gmake  -f CMakeFiles/cmTC_2cc71.dir/build.make CMakeFiles/cmTC_2cc71.dir/build
gmake[1]: Entering directory '/home/dimitrije/bbts/CMakeFiles/CMakeTmp'
Building CXX object CMakeFiles/cmTC_2cc71.dir/CheckFunctionExists.cxx.o
/opt/intel/oneapi/compiler/latest/linux/bin/icpx   -DCHECK_FUNCTION_EXISTS=pthread_create -std=gnu++20 -MD -MT CMakeFiles/cmTC_2cc71.dir/CheckFunctionExists.cxx.o -MF CMakeFiles/cmTC_2cc71.dir/CheckFunctionExists.cxx.o.d -o CMakeFiles/cmTC_2cc71.dir/CheckFunctionExists.cxx.o -c /home/dimitrije/bbts/CMakeFiles/CheckLibraryExists/CheckFunctionExists.cxx
Linking CXX executable cmTC_2cc71
/usr/bin/cmake -E cmake_link_script CMakeFiles/cmTC_2cc71.dir/link.txt --verbose=1
/opt/intel/oneapi/compiler/latest/linux/bin/icpx  -DCHECK_FUNCTION_EXISTS=pthread_create CMakeFiles/cmTC_2cc71.dir/CheckFunctionExists.cxx.o -o cmTC_2cc71  -lpthreads 
/usr/bin/ld: cannot find -lpthreads
clang++: error: linker command failed with exit code 1 (use -v to see invocation)
gmake[1]: *** [CMakeFiles/cmTC_2cc71.dir/build.make:100: cmTC_2cc71] Error 1
gmake[1]: Leaving directory '/home/dimitrije/bbts/CMakeFiles/CMakeTmp'
gmake: *** [Makefile:127: cmTC_2cc71/fast] Error 2



